gradleBuild/outputs/logs/manifest-merger-release-report.txt
-- Merging decision tree log ---
manifest
ADDED from TF_Animal_Detect\TF_Animal_Detect\AndroidManifest.xml:17:1-55:12
MERGED from [org.tensorflow:tensorflow-android:1.8.0] AndroidManifest.xml:2:1-8:12
MERGED from [com.android.support:appcompat-v7:25.4.0] AndroidManifest.xml:17:1-31:12
MERGED from [com.android.support.constraint:constraint-layout:1.1.2] AndroidManifest.xml:2:1-11:12
MERGED from [com.android.support:animated-vector-drawable:25.4.0] AndroidManifest.xml:17:1-28:12
MERGED from [com.android.support:support-vector-drawable:25.4.0] AndroidManifest.xml:17:1-28:12
MERGED from [com.android.support:support-v4:25.4.0] AndroidManifest.xml:17:1-31:12
MERGED from [com.android.support:support-fragment:25.4.0] AndroidManifest.xml:17:1-31:12
MERGED from [com.android.support:support-media-compat:25.4.0] AndroidManifest.xml:17:1-31:12
MERGED from [com.android.support:support-core-utils:25.4.0] AndroidManifest.xml:17:1-31:12
MERGED from [com.android.support:support-core-ui:25.4.0] AndroidManifest.xml:17:1-31:12
MERGED from [com.android.support:support-compat:25.4.0] AndroidManifest.xml:17:1-31:12
	package
		ADDED from TF_Animal_Detect\TF_Animal_Detect\AndroidManifest.xml:18:11-40
	xmlns:android
		ADDED from TF_Animal_Detect\TF_Animal_Detect\AndroidManifest.xml:17:11-69
uses-sdk
ADDED from TF_Animal_Detect\TF_Animal_Detect\AndroidManifest.xml:20:5-22:40
MERGED from [com.android.support:appcompat-v7:25.4.0] AndroidManifest.xml:21:5-23:78
MERGED from [com.android.support:appcompat-v7:25.4.0] AndroidManifest.xml:21:5-23:78
MERGED from [com.android.support.constraint:constraint-layout:1.1.2] AndroidManifest.xml:5:5-7:41
MERGED from [com.android.support.constraint:constraint-layout:1.1.2] AndroidManifest.xml:5:5-7:41
MERGED from [com.android.support:animated-vector-drawable:25.4.0] AndroidManifest.xml:20:5-44
MERGED from [com.android.support:animated-vector-drawable:25.4.0] AndroidManifest.xml:20:5-44
MERGED from [com.android.support:support-vector-drawable:25.4.0] AndroidManifest.xml:20:5-43
MERGED from [com.android.support:support-vector-drawable:25.4.0] AndroidManifest.xml:20:5-43
MERGED from [com.android.support:support-v4:25.4.0] AndroidManifest.xml:21:5-23:54
MERGED from [com.android.support:support-v4:25.4.0] AndroidManifest.xml:21:5-23:54
MERGED from [com.android.support:support-fragment:25.4.0] AndroidManifest.xml:21:5-23:60
MERGED from [com.android.support:support-fragment:25.4.0] AndroidManifest.xml:21:5-23:60
MERGED from [com.android.support:support-media-compat:25.4.0] AndroidManifest.xml:21:5-23:63
MERGED from [com.android.support:support-media-compat:25.4.0] AndroidManifest.xml:21:5-23:63
MERGED from [com.android.support:support-core-utils:25.4.0] AndroidManifest.xml:21:5-23:61
MERGED from [com.android.support:support-core-utils:25.4.0] AndroidManifest.xml:21:5-23:61
MERGED from [com.android.support:support-core-ui:25.4.0] AndroidManifest.xml:21:5-23:58
MERGED from [com.android.support:support-core-ui:25.4.0] AndroidManifest.xml:21:5-23:58
MERGED from [com.android.support:support-compat:25.4.0] AndroidManifest.xml:21:5-23:58
MERGED from [com.android.support:support-compat:25.4.0] AndroidManifest.xml:21:5-23:58
	tools:overrideLibrary
		ADDED from [com.android.support:appcompat-v7:25.4.0] AndroidManifest.xml:23:9-75
	android:targetSdkVersion
		ADDED from TF_Animal_Detect\TF_Animal_Detect\AndroidManifest.xml:22:9-38
	android:minSdkVersion
		ADDED from TF_Animal_Detect\TF_Animal_Detect\AndroidManifest.xml:21:9-35
uses-permission#android.permission.CAMERA
ADDED from TF_Animal_Detect\TF_Animal_Detect\AndroidManifest.xml:24:5-64
	android:name
		ADDED from TF_Animal_Detect\TF_Animal_Detect\AndroidManifest.xml:24:22-62
uses-feature#android.hardware.camera
ADDED from TF_Animal_Detect\TF_Animal_Detect\AndroidManifest.xml:26:5-59
	android:name
		ADDED from TF_Animal_Detect\TF_Animal_Detect\AndroidManifest.xml:26:19-57
uses-feature#android.hardware.camera.autofocus
ADDED from TF_Animal_Detect\TF_Animal_Detect\AndroidManifest.xml:27:5-69
	android:name
		ADDED from TF_Animal_Detect\TF_Animal_Detect\AndroidManifest.xml:27:19-67
uses-permission#android.permission.WRITE_EXTERNAL_STORAGE
ADDED from TF_Animal_Detect\TF_Animal_Detect\AndroidManifest.xml:29:5-80
	android:name
		ADDED from TF_Animal_Detect\TF_Animal_Detect\AndroidManifest.xml:29:22-78
uses-permission#android.permission.READ_PHONE_STATE
ADDED from TF_Animal_Detect\TF_Animal_Detect\AndroidManifest.xml:30:5-74
	android:name
		ADDED from TF_Animal_Detect\TF_Animal_Detect\AndroidManifest.xml:30:22-72
uses-permission#android.permission.READ_EXTERNAL_STORAGE
ADDED from TF_Animal_Detect\TF_Animal_Detect\AndroidManifest.xml:31:5-79
	android:name
		ADDED from TF_Animal_Detect\TF_Animal_Detect\AndroidManifest.xml:31:22-77
application
ADDED from TF_Animal_Detect\TF_Animal_Detect\AndroidManifest.xml:33:5-53:19
MERGED from [org.tensorflow:tensorflow-android:1.8.0] AndroidManifest.xml:5:5-6:19
MERGED from [org.tensorflow:tensorflow-android:1.8.0] AndroidManifest.xml:5:5-6:19
MERGED from [com.android.support:appcompat-v7:25.4.0] AndroidManifest.xml:25:5-29:19
MERGED from [com.android.support:appcompat-v7:25.4.0] AndroidManifest.xml:25:5-29:19
MERGED from [com.android.support.constraint:constraint-layout:1.1.2] AndroidManifest.xml:9:5-20
MERGED from [com.android.support.constraint:constraint-layout:1.1.2] AndroidManifest.xml:9:5-20
MERGED from [com.android.support:animated-vector-drawable:25.4.0] AndroidManifest.xml:22:5-26:19
MERGED from [com.android.support:animated-vector-drawable:25.4.0] AndroidManifest.xml:22:5-26:19
MERGED from [com.android.support:support-vector-drawable:25.4.0] AndroidManifest.xml:22:5-26:19
MERGED from [com.android.support:support-vector-drawable:25.4.0] AndroidManifest.xml:22:5-26:19
MERGED from [com.android.support:support-v4:25.4.0] AndroidManifest.xml:25:5-29:19
MERGED from [com.android.support:support-v4:25.4.0] AndroidManifest.xml:25:5-29:19
MERGED from [com.android.support:support-fragment:25.4.0] AndroidManifest.xml:25:5-29:19
MERGED from [com.android.support:support-fragment:25.4.0] AndroidManifest.xml:25:5-29:19
MERGED from [com.android.support:support-media-compat:25.4.0] AndroidManifest.xml:25:5-29:19
MERGED from [com.android.support:support-media-compat:25.4.0] AndroidManifest.xml:25:5-29:19
MERGED from [com.android.support:support-core-utils:25.4.0] AndroidManifest.xml:25:5-29:19
MERGED from [com.android.support:support-core-utils:25.4.0] AndroidManifest.xml:25:5-29:19
MERGED from [com.android.support:support-core-ui:25.4.0] AndroidManifest.xml:25:5-29:19
MERGED from [com.android.support:support-core-ui:25.4.0] AndroidManifest.xml:25:5-29:19
MERGED from [com.android.support:support-compat:25.4.0] AndroidManifest.xml:25:5-29:19
MERGED from [com.android.support:support-compat:25.4.0] AndroidManifest.xml:25:5-29:19
	android:label
		ADDED from TF_Animal_Detect\TF_Animal_Detect\AndroidManifest.xml:37:9-41
	android:debuggable
		ADDED from TF_Animal_Detect\TF_Animal_Detect\AndroidManifest.xml:35:9-34
	android:icon
		ADDED from TF_Animal_Detect\TF_Animal_Detect\AndroidManifest.xml:36:9-39
	android:allowBackup
		ADDED from TF_Animal_Detect\TF_Animal_Detect\AndroidManifest.xml:34:9-35
	android:theme
		ADDED from TF_Animal_Detect\TF_Animal_Detect\AndroidManifest.xml:38:9-45
activity#org.tensorflow.demo.ClassifierActivity
ADDED from TF_Animal_Detect\TF_Animal_Detect\AndroidManifest.xml:39:9-43:20
	android:screenOrientation
		ADDED from TF_Animal_Detect\TF_Animal_Detect\AndroidManifest.xml:42:13-49
	android:label
		ADDED from TF_Animal_Detect\TF_Animal_Detect\AndroidManifest.xml:41:13-65
	android:name
		ADDED from TF_Animal_Detect\TF_Animal_Detect\AndroidManifest.xml:40:13-47
activity#org.tensorflow.demo.Main2Activity
ADDED from TF_Animal_Detect\TF_Animal_Detect\AndroidManifest.xml:44:9-50:20
	android:name
		ADDED from TF_Animal_Detect\TF_Animal_Detect\AndroidManifest.xml:44:19-48
intent-filter#action:name:android.intent.action.MAIN+category:name:android.intent.category.LAUNCHER
ADDED from TF_Animal_Detect\TF_Animal_Detect\AndroidManifest.xml:45:13-49:29
action#android.intent.action.MAIN
ADDED from TF_Animal_Detect\TF_Animal_Detect\AndroidManifest.xml:46:17-68
	android:name
		ADDED from TF_Animal_Detect\TF_Animal_Detect\AndroidManifest.xml:46:25-66
category#android.intent.category.LAUNCHER
ADDED from TF_Animal_Detect\TF_Animal_Detect\AndroidManifest.xml:48:17-76
	android:name
		ADDED from TF_Animal_Detect\TF_Animal_Detect\AndroidManifest.xml:48:27-74
activity#org.tensorflow.demo.MainActivity
ADDED from TF_Animal_Detect\TF_Animal_Detect\AndroidManifest.xml:51:9-52:20
	android:name
		ADDED from TF_Animal_Detect\TF_Animal_Detect\AndroidManifest.xml:51:19-47
meta-data#android.support.VERSION
ADDED from [com.android.support:appcompat-v7:25.4.0] AndroidManifest.xml:26:9-28:38
MERGED from [com.android.support:animated-vector-drawable:25.4.0] AndroidManifest.xml:23:9-25:38
MERGED from [com.android.support:animated-vector-drawable:25.4.0] AndroidManifest.xml:23:9-25:38
MERGED from [com.android.support:support-vector-drawable:25.4.0] AndroidManifest.xml:23:9-25:38
MERGED from [com.android.support:support-vector-drawable:25.4.0] AndroidManifest.xml:23:9-25:38
MERGED from [com.android.support:support-v4:25.4.0] AndroidManifest.xml:26:9-28:38
MERGED from [com.android.support:support-v4:25.4.0] AndroidManifest.xml:26:9-28:38
MERGED from [com.android.support:support-fragment:25.4.0] AndroidManifest.xml:26:9-28:38
MERGED from [com.android.support:support-fragment:25.4.0] AndroidManifest.xml:26:9-28:38
MERGED from [com.android.support:support-media-compat:25.4.0] AndroidManifest.xml:26:9-28:38
MERGED from [com.android.support:support-media-compat:25.4.0] AndroidManifest.xml:26:9-28:38
MERGED from [com.android.support:support-core-utils:25.4.0] AndroidManifest.xml:26:9-28:38
MERGED from [com.android.support:support-core-utils:25.4.0] AndroidManifest.xml:26:9-28:38
MERGED from [com.android.support:support-core-ui:25.4.0] AndroidManifest.xml:26:9-28:38
MERGED from [com.android.support:support-core-ui:25.4.0] AndroidManifest.xml:26:9-28:38
MERGED from [com.android.support:support-compat:25.4.0] AndroidManifest.xml:26:9-28:38
MERGED from [com.android.support:support-compat:25.4.0] AndroidManifest.xml:26:9-28:38
	android:value
		ADDED from [com.android.support:appcompat-v7:25.4.0] AndroidManifest.xml:28:13-35
	android:name
		ADDED from [com.android.support:appcompat-v7:25.4.0] AndroidManifest.xml:27:13-51